RealIntenseChat/proguard/seeds.txt
za.co.rigaming.realintensechat.AppSettings
za.co.rigaming.realintensechat.AppSettings: AppSettings()
za.co.rigaming.realintensechat.ChatView
za.co.rigaming.realintensechat.ChatView: ChatView()
za.co.rigaming.realintensechat.GetMessages
za.co.rigaming.realintensechat.MessageService
za.co.rigaming.realintensechat.MyApplication
za.co.rigaming.realintensechat.NoticeReceiver
za.co.rigaming.realintensechat.PostMessage
za.co.rigaming.realintensechat.PutName
za.co.rigaming.realintensechat.R$array: int refresh_time_array
za.co.rigaming.realintensechat.R$attr: int behindOffset
za.co.rigaming.realintensechat.R$attr: int behindScrollScale
za.co.rigaming.realintensechat.R$attr: int behindWidth
za.co.rigaming.realintensechat.R$attr: int fadeDegree
za.co.rigaming.realintensechat.R$attr: int fadeEnabled
za.co.rigaming.realintensechat.R$attr: int mode
za.co.rigaming.realintensechat.R$attr: int selectorDrawable
za.co.rigaming.realintensechat.R$attr: int selectorEnabled
za.co.rigaming.realintensechat.R$attr: int shadowDrawable
za.co.rigaming.realintensechat.R$attr: int shadowWidth
za.co.rigaming.realintensechat.R$attr: int touchModeAbove
za.co.rigaming.realintensechat.R$attr: int touchModeBehind
za.co.rigaming.realintensechat.R$attr: int viewAbove
za.co.rigaming.realintensechat.R$attr: int viewBehind
za.co.rigaming.realintensechat.R$dimen: int actionbar_home_width
za.co.rigaming.realintensechat.R$dimen: int list_padding
za.co.rigaming.realintensechat.R$dimen: int shadow_width
za.co.rigaming.realintensechat.R$drawable: int blood
za.co.rigaming.realintensechat.R$drawable: int ic_launcher
za.co.rigaming.realintensechat.R$drawable: int ico
za.co.rigaming.realintensechat.R$drawable: int llama
za.co.rigaming.realintensechat.R$drawable: int logo
za.co.rigaming.realintensechat.R$drawable: int radient
za.co.rigaming.realintensechat.R$drawable: int sly
za.co.rigaming.realintensechat.R$drawable: int wheee
za.co.rigaming.realintensechat.R$id: int RelativeLayout1
za.co.rigaming.realintensechat.R$id: int bro
za.co.rigaming.realintensechat.R$id: int button1
za.co.rigaming.realintensechat.R$id: int chatView
za.co.rigaming.realintensechat.R$id: int chat_input
za.co.rigaming.realintensechat.R$id: int digitalClock1
za.co.rigaming.realintensechat.R$id: int fullscreen
za.co.rigaming.realintensechat.R$id: int imageView1
za.co.rigaming.realintensechat.R$id: int left
za.co.rigaming.realintensechat.R$id: int margin
za.co.rigaming.realintensechat.R$id: int menu_settings
za.co.rigaming.realintensechat.R$id: int msg_switch
za.co.rigaming.realintensechat.R$id: int pms_switch
za.co.rigaming.realintensechat.R$id: int progressBar1
za.co.rigaming.realintensechat.R$id: int progressBar2
za.co.rigaming.realintensechat.R$id: int progressBarjkjkj1
za.co.rigaming.realintensechat.R$id: int pvt_switch
za.co.rigaming.realintensechat.R$id: int refresh_switch
za.co.rigaming.realintensechat.R$id: int refresh_text
za.co.rigaming.realintensechat.R$id: int refresh_time_spinner
za.co.rigaming.realintensechat.R$id: int right
za.co.rigaming.realintensechat.R$id: int rowTextView
za.co.rigaming.realintensechat.R$id: int screen_on_check
za.co.rigaming.realintensechat.R$id: int scrollView1
za.co.rigaming.realintensechat.R$id: int selected_view
za.co.rigaming.realintensechat.R$id: int side_navigation_menu_item1
za.co.rigaming.realintensechat.R$id: int side_navigation_menu_item2
za.co.rigaming.realintensechat.R$layout: int border
za.co.rigaming.realintensechat.R$layout: int list
za.co.rigaming.realintensechat.R$layout: int postmessage
za.co.rigaming.realintensechat.R$layout: int simple_view
za.co.rigaming.realintensechat.R$layout: int slidingmenumain
za.co.rigaming.realintensechat.R$layout: int webview
za.co.rigaming.realintensechat.R$layout: int whisper
za.co.rigaming.realintensechat.R$menu: int activity_main
za.co.rigaming.realintensechat.R$menu: int side_navigation_menu
...
android.support.v4.app.BackStackState
android.support.v4.app.BackStackState: android.os.Parcelable$Creator CREATOR
android.support.v4.app.Fragment$SavedState
android.support.v4.app.Fragment$SavedState: android.os.Parcelable$Creator CREATOR
android.support.v4.app.FragmentActivity
android.support.v4.app.FragmentManagerState
android.support.v4.app.FragmentManagerState: android.os.Parcelable$Creator CREATOR
android.support.v4.app.FragmentState
android.support.v4.app.FragmentState: android.os.Parcelable$Creator CREATOR
android.support.v4.app.FragmentTabHost
android.support.v4.app.FragmentTabHost: FragmentTabHost(android.content.Context,android.util.AttributeSet)
android.support.v4.app.FragmentTabHost: void setOnTabChangedListener(android.widget.TabHost$OnTabChangeListener)
android.support.v4.app.FragmentTabHost$SavedState
android.support.v4.app.FragmentTabHost$SavedState: android.os.Parcelable$Creator CREATOR
android.support.v4.content.ModernAsyncTask$Status: android.support.v4.content.ModernAsyncTask$Status[] values()
android.support.v4.content.ModernAsyncTask$Status: android.support.v4.content.ModernAsyncTask$Status valueOf(java.lang.String)
android.support.v4.view.PagerTabStrip
android.support.v4.view.PagerTabStrip: PagerTabStrip(android.content.Context,android.util.AttributeSet)
android.support.v4.view.PagerTabStrip: void setTabIndicatorColor(int)
android.support.v4.view.PagerTabStrip: void setTabIndicatorColorResource(int)
android.support.v4.view.PagerTabStrip: int getTabIndicatorColor()
android.support.v4.view.PagerTabStrip: void setTextSpacing(int)
android.support.v4.view.PagerTabStrip: void setBackgroundDrawable(android.graphics.drawable.Drawable)
android.support.v4.view.PagerTabStrip: void setBackgroundColor(int)
android.support.v4.view.PagerTabStrip: void setBackgroundResource(int)
android.support.v4.view.PagerTabStrip: void setDrawFullUnderline(boolean)
android.support.v4.view.PagerTabStrip: boolean getDrawFullUnderline()
android.support.v4.view.PagerTabStrip: int getMinHeight()
android.support.v4.view.PagerTitleStrip
android.support.v4.view.PagerTitleStrip: void setSingleLineAllCaps(android.widget.TextView)
android.support.v4.view.PagerTitleStrip: PagerTitleStrip(android.content.Context,android.util.AttributeSet)
android.support.v4.view.PagerTitleStrip: void setTextSpacing(int)
android.support.v4.view.PagerTitleStrip: int getTextSpacing()
android.support.v4.view.PagerTitleStrip: void setNonPrimaryAlpha(float)
android.support.v4.view.PagerTitleStrip: void setTextColor(int)
android.support.v4.view.PagerTitleStrip: void setGravity(int)
android.support.v4.view.PagerTitleStrip: int getMinHeight()
android.support.v4.view.ViewPager
android.support.v4.view.ViewPager: ViewPager(android.content.Context,android.util.AttributeSet)
android.support.v4.view.ViewPager: void setScrollState(int)
android.support.v4.view.ViewPager: void setAdapter(android.support.v4.view.PagerAdapter)
android.support.v4.view.ViewPager: android.support.v4.view.PagerAdapter getAdapter()
android.support.v4.view.ViewPager: void setOnAdapterChangeListener(android.support.v4.view.ViewPager$OnAdapterChangeListener)
android.support.v4.view.ViewPager: void setCurrentItem(int)
android.support.v4.view.ViewPager: int getCurrentItem()
android.support.v4.view.ViewPager: void setOnPageChangeListener(android.support.v4.view.ViewPager$OnPageChangeListener)
android.support.v4.view.ViewPager: void setChildrenDrawingOrderEnabledCompat(boolean)
android.support.v4.view.ViewPager: int getOffscreenPageLimit()
android.support.v4.view.ViewPager: void setOffscreenPageLimit(int)
android.support.v4.view.ViewPager: void setPageMargin(int)
android.support.v4.view.ViewPager: int getPageMargin()
android.support.v4.view.ViewPager: void setPageMarginDrawable(android.graphics.drawable.Drawable)
android.support.v4.view.ViewPager: void setPageMarginDrawable(int)
android.support.v4.view.ViewPager: void setScrollingCacheEnabled(boolean)