RealIntenseChat/proguard/mapping.txt
za.co.rigaming.realintensechat.AppSettings -> za.co.rigaming.realintensechat.AppSettings:
    org.apache.http.impl.client.DefaultHttpClient client -> a
    void onCreate() -> onCreate
    org.apache.http.impl.client.DefaultHttpClient getClient() -> a
    org.apache.http.impl.client.DefaultHttpClient createClient() -> b
    void setCookie(java.lang.String) -> a
za.co.rigaming.realintensechat.AsyncRefresh -> za.co.rigaming.realintensechat.a:
    android.content.Context context -> a
    za.co.rigaming.realintensechat.GeneralSettings$Settings set -> b
    boolean mustNotify -> c
    java.lang.String lastID -> d
    android.app.NotificationManager notificationManager -> e
    org.json.JSONArray messageResults -> f
    java.lang.Runnable run -> g
    java.lang.Object doInBackground(java.lang.String[]) -> a
    void onProgressUpdate(java.lang.Object[]) -> onProgressUpdate
    void onPostExecute(java.lang.Object) -> onPostExecute
    void onPreExecute() -> onPreExecute
    void appendTextAndScroll(java.lang.String) -> a
    void doNotify() -> a
    void createNotification(android.content.Context,android.content.Intent,java.lang.String,java.lang.String,java.lang.String,int) -> a
    java.lang.Object doInBackground(java.lang.Object[]) -> doInBackground
za.co.rigaming.realintensechat.AsyncRefresh$1 -> za.co.rigaming.realintensechat.b:
    void run() -> run
za.co.rigaming.realintensechat.AsyncRefresh$Message -> za.co.rigaming.realintensechat.c:
    java.lang.String Text -> a
    java.lang.String time -> b
    int userid -> c
    boolean pvt -> d
    java.lang.String sender -> e
    java.lang.String sendercolor -> f
    java.lang.String privColor -> g
    java.lang.String privName -> h
    za.co.rigaming.realintensechat.AsyncRefresh this$0 -> i
za.co.rigaming.realintensechat.AsyncRefresh$PostMessage -> za.co.rigaming.realintensechat.d:
    java.lang.String message -> a
    java.lang.String chat -> b
    java.lang.String last -> c
    java.lang.String userid -> d
    java.lang.String pvtid -> e
    za.co.rigaming.realintensechat.AsyncRefresh this$0 -> f
    org.apache.http.client.entity.UrlEncodedFormEntity createPostFormData() -> a
za.co.rigaming.realintensechat.Automation -> za.co.rigaming.realintensechat.e:
    void startAutomaticRefresh(android.content.Context) -> a
    void stopAutomaticRefresh(android.content.Context) -> b
za.co.rigaming.realintensechat.ChatView -> za.co.rigaming.realintensechat.ChatView:
    android.widget.Button post -> a
    android.widget.EditText input -> b
    za.co.rigaming.realintensechat.ChatView$User user -> c
    android.widget.TextView username -> d
    android.widget.TextView pvtResip -> e
    android.widget.TextView unread -> f
    android.os.Handler mHandler -> g
    android.widget.ListView mainListView -> h
    android.widget.ScrollView sv -> i
    java.lang.String userNamePvt -> j
    android.content.Context context -> k
    android.widget.ImageView imgV -> l
    android.widget.ProgressBar pg -> m
    android.widget.Switch pm -> n
    android.widget.Switch pvt -> o
    android.widget.Switch msg -> p
    android.widget.Spinner spinner -> q
    android.widget.Switch refresh -> r
    za.co.rigaming.realintensechat.GeneralSettings$Settings settings -> s
    android.widget.CheckBox screen_on -> t
    android.widget.CheckBox comp_pm -> u
    android.widget.CheckBox comp_pvt -> v
    android.widget.CheckBox comp_msg -> w
    android.widget.CheckBox comp_refresh -> x
    android.widget.ArrayAdapter adapter -> y
    int currentapiVersion -> z
    void onCreate(android.os.Bundle) -> onCreate
    void onCreateContextMenu(android.view.ContextMenu,android.view.View,android.view.ContextMenu$ContextMenuInfo) -> onCreateContextMenu
    boolean onContextItemSelected(android.view.MenuItem) -> onContextItemSelected
    void ShowWhisperScreen() -> b
...
android.support.v4.app.ActivityCompatHoneycomb -> android.support.v4.app.a:
    void invalidateOptionsMenu(android.app.Activity) -> a
android.support.v4.app.BackStackRecord -> android.support.v4.app.b:
    android.support.v4.app.FragmentManagerImpl mManager -> a
    android.support.v4.app.BackStackRecord$Op mHead -> b
    android.support.v4.app.BackStackRecord$Op mTail -> c
    int mNumOp -> d
    int mEnterAnim -> e
    int mExitAnim -> f
    int mPopEnterAnim -> g
    int mPopExitAnim -> h
    int mTransition -> i
    int mTransitionStyle -> j
    boolean mAddToBackStack -> k
    boolean mAllowAddToBackStack -> l
    java.lang.String mName -> m
    boolean mCommitted -> n
    int mIndex -> o
    int mBreadCrumbTitleRes -> p
    java.lang.CharSequence mBreadCrumbTitleText -> q
    int mBreadCrumbShortTitleRes -> r
    java.lang.CharSequence mBreadCrumbShortTitleText -> s
    java.lang.String toString() -> toString
    void dump(java.lang.String,java.io.FileDescriptor,java.io.PrintWriter,java.lang.String[]) -> a
    void dump(java.lang.String,java.io.PrintWriter,boolean) -> a
    void addOp(android.support.v4.app.BackStackRecord$Op) -> a
    android.support.v4.app.FragmentTransaction add(int,android.support.v4.app.Fragment,java.lang.String) -> a
    void doAddOp(int,android.support.v4.app.Fragment,java.lang.String,int) -> a
    android.support.v4.app.FragmentTransaction detach(android.support.v4.app.Fragment) -> a
    android.support.v4.app.FragmentTransaction attach(android.support.v4.app.Fragment) -> b
    void bumpBackStackNesting(int) -> a
    int commit() -> a
    int commitInternal(boolean) -> a
android.support.v4.app.BackStackRecord$Op -> android.support.v4.app.c:
    android.support.v4.app.BackStackRecord$Op next -> a
    android.support.v4.app.BackStackRecord$Op prev -> b
    int cmd -> c
    android.support.v4.app.Fragment fragment -> d
    int enterAnim -> e
    int exitAnim -> f
    int popEnterAnim -> g
    int popExitAnim -> h
    java.util.ArrayList removed -> i
android.support.v4.app.BackStackState -> android.support.v4.app.BackStackState:
    int[] mOps -> a
    int mTransition -> b
    int mTransitionStyle -> c
    java.lang.String mName -> d
    int mIndex -> e
    int mBreadCrumbTitleRes -> f
    java.lang.CharSequence mBreadCrumbTitleText -> g
    int mBreadCrumbShortTitleRes -> h
    java.lang.CharSequence mBreadCrumbShortTitleText -> i
    android.os.Parcelable$Creator CREATOR -> CREATOR
    android.support.v4.app.BackStackRecord instantiate(android.support.v4.app.FragmentManagerImpl) -> a
    int describeContents() -> describeContents
    void writeToParcel(android.os.Parcel,int) -> writeToParcel
android.support.v4.app.BackStackState$1 -> android.support.v4.app.d:
    android.support.v4.app.BackStackState createFromParcel(android.os.Parcel) -> a
    android.support.v4.app.BackStackState[] newArray(int) -> a
    java.lang.Object[] newArray(int) -> newArray
    java.lang.Object createFromParcel(android.os.Parcel) -> createFromParcel