RealIntenseChat/proguard/usage.txt
za.co.rigaming.realintensechat.AsyncRefresh$Message:
    int from
za.co.rigaming.realintensechat.Automation:
    11:11:public Automation()
za.co.rigaming.realintensechat.BuildConfig
za.co.rigaming.realintensechat.ChatView:
    static android.widget.ListView lv
    static android.view.ViewGroup vg
    static android.view.LayoutInflater mInflater
    static org.json.JSONArray jsonMainArr
    static org.apache.http.impl.client.DefaultHttpClient dhc
    441:443:public static void doMsg()
za.co.rigaming.realintensechat.ChatView$User:
    java.lang.String id
    java.lang.String name
    java.lang.String rank
    java.lang.String unreadPM
    java.lang.String rankColour
    java.lang.String directColor
za.co.rigaming.realintensechat.Elements
za.co.rigaming.realintensechat.Elements$Message
za.co.rigaming.realintensechat.Elements$User
za.co.rigaming.realintensechat.GeneralSettings:
    9:9:public GeneralSettings()
za.co.rigaming.realintensechat.GetChatMessages:
    245:254:public static void doNotify()
    256:257:public java.lang.Object printIt(java.lang.Object)
za.co.rigaming.realintensechat.GetChatMessages$Message:
    int from
za.co.rigaming.realintensechat.GetMessages:
    android.widget.ScrollView chat_ScrollView
    android.widget.ListView lv
    android.view.ViewGroup vg
    android.view.LayoutInflater mInflater
    489:507:public static varargs java.lang.CharSequence setSpanBetweenTokens(java.lang.CharSequence,java.lang.String,android.text.style.CharacterStyle[])
za.co.rigaming.realintensechat.GetMessages$Message:
    int from
    boolean pvt
za.co.rigaming.realintensechat.GetUsers:
    public static android.widget.ListView mainListView
za.co.rigaming.realintensechat.GifDecoder
za.co.rigaming.realintensechat.GifDecoder$GifFrame
za.co.rigaming.realintensechat.Http:
    14:14:public Http()
za.co.rigaming.realintensechat.MySQLiteHelper:
    public static final java.lang.String TABLE_MESSAGES
    public static final java.lang.String COLUMN_ID
    public static final java.lang.String COLUMN_PAYLOAD
    public static final java.lang.String COLUMN_ENDPOINT
    private static final java.lang.String DATABASE_NAME
    private static final int DATABASE_VERSION
    private static final java.lang.String DATABASE_CREATE
    java.lang.StringBuilder sf
za.co.rigaming.realintensechat.NoticeReceiver:
    private static final int PM_RECEIVE
    private static final int DIRECT_RECEIVE
za.co.rigaming.realintensechat.NotificationGenerator
za.co.rigaming.realintensechat.R
za.co.rigaming.realintensechat.R$array
za.co.rigaming.realintensechat.R$attr
za.co.rigaming.realintensechat.R$dimen
za.co.rigaming.realintensechat.R$drawable
za.co.rigaming.realintensechat.R$id
za.co.rigaming.realintensechat.R$layout
za.co.rigaming.realintensechat.R$menu
za.co.rigaming.realintensechat.R$string
za.co.rigaming.realintensechat.R$style
za.co.rigaming.realintensechat.R$styleable
za.co.rigaming.realintensechat.Stickies:
    static android.widget.Button post
    static android.widget.EditText input
    static android.widget.ScrollView chat_ScrollView
    static android.widget.TextView username
    static android.widget.TextView pvtResip
    static android.widget.TextView unread
    static android.widget.ListView lv
    static android.os.Handler mHandler
    static android.widget.ListView mainListView
    static android.view.ViewGroup vg
    static android.view.LayoutInflater mInflater
    static android.widget.ScrollView sv
    static org.json.JSONArray jsonMainArr
    static java.lang.String userNamePvt
    18:18:public Stickies()
za.co.rigaming.realintensechat.Stickies$User
za.co.rigaming.realintensechat.WebviewForLogin:
    android.webkit.CookieManager cookieManager
...
org.acra.ACRAConfiguration:
    104:105:public void setAdditionalDropboxTags(java.lang.String[])
    112:113:public void setAdditionalSharedPreferences(java.lang.String[])
    120:121:public void setConnectionTimeout(java.lang.Integer)
    128:129:public void setCustomReportContent(org.acra.ReportField[])
    136:137:public void setDeleteUnapprovedReportsOnApplicationStart(java.lang.Boolean)
    143:144:public void setDeleteOldUnsentReportsOnApplicationStart(java.lang.Boolean)
    151:152:public void setDropboxCollectionMinutes(java.lang.Integer)
    159:160:public void setForceCloseDialogAfterToast(java.lang.Boolean)
    172:173:public void setFormKey(java.lang.String)
    185:186:public void setFormUri(java.lang.String)
    193:194:public void setFormUriBasicAuthLogin(java.lang.String)
    201:202:public void setFormUriBasicAuthPassword(java.lang.String)
    209:210:public void setIncludeDropboxSystemTags(java.lang.Boolean)
    217:218:public void setLogcatArguments(java.lang.String[])
    230:231:public void setMailTo(java.lang.String)
    238:239:public void setMaxNumberOfRequestRetries(java.lang.Integer)
    251:253:public void setMode(org.acra.ReportingInteractionMode)
    265:266:public void setResDialogCommentPrompt(int)
    278:279:public void setResDialogEmailPrompt(int)
    290:291:public void setResDialogIcon(int)
    302:303:public void setResDialogOkToast(int)
    314:315:public void setResDialogText(int)
    326:327:public void setResDialogTitle(int)
org.acra.ACRAConfigurationException:
    private static final long serialVersionUID
org.acra.ACRAConstants:
    public static final java.lang.String REPORTFILE_EXTENSION
    static final java.lang.String APPROVED_SUFFIX
    static final int MAX_SEND_REPORTS
    static final java.lang.String EXTRA_REPORT_FILE_NAME
    static final int NOTIF_CRASH_ID
    static final int TOAST_WAIT_DURATION
    public static final java.lang.String NULL_VALUE
    public static final boolean DEFAULT_FORCE_CLOSE_DIALOG_AFTER_TOAST
    public static final int DEFAULT_MAX_NUMBER_OF_REQUEST_RETRIES
    public static final int DEFAULT_SOCKET_TIMEOUT
    public static final int DEFAULT_CONNECTION_TIMEOUT
    public static final boolean DEFAULT_DELETE_UNAPPROVED_REPORTS_ON_APPLICATION_START
    public static final boolean DEFAULT_DELETE_OLD_UNSENT_REPORTS_ON_APPLICATION_START
    public static final int DEFAULT_DROPBOX_COLLECTION_MINUTES
    public static final boolean DEFAULT_INCLUDE_DROPBOX_SYSTEM_TAGS
    public static final int DEFAULT_SHARED_PREFERENCES_MODE
    public static final int DEFAULT_NOTIFICATION_ICON
    public static final int DEFAULT_DIALOG_ICON
    public static final int DEFAULT_RES_VALUE
    public static final java.lang.String DEFAULT_STRING_VALUE
    public static final int DEFAULT_LOGCAT_LINES
    public static final int DEFAULT_BUFFER_SIZE_IN_BYTES
    public static final boolean DEFAULT_LOGCAT_FILTER_BY_PID
    public static final boolean DEFAULT_SEND_REPORTS_IN_DEV_MODE
    public static final java.lang.String DEFAULT_APPLICATION_LOGFILE
org.acra.CrashReportDialog:
    private static final java.lang.String STATE_EMAIL
    private static final java.lang.String STATE_COMMENT
org.acra.CrashReportPersister:
    private static final int NONE
    private static final int SLASH
    private static final int UNICODE
    private static final int CONTINUE
    private static final int KEY_DONE
    private static final int IGNORE
    private static final java.lang.String LINE_SEPARATOR